Removed Pin From Net: NetName=NetQ2_1 Pin=U1-1
Removed Pin From Net: NetName=NetR3_1 Pin=U1-2
Removed Pin From Net: NetName=NetC1_2 Pin=U1-3
Removed Pin From Net: NetName=NetC5_2 Pin=U1-4
Removed Pin From Net: NetName=NetR2_1 Pin=U1-5
Removed Pin From Net: NetName=NetQ3_1 Pin=U1-7
Removed Pin From Net: NetName=NetR33_1 Pin=U1-8
Removed Pin From Net: NetName=NetR30_2 Pin=U1-9
Removed Pin From Net: NetName=NetC1_1 Pin=U1-12
Removed Pin From Net: NetName=NetR29_1 Pin=U1-14
Change Component DesignItemId : Designator=U1 Old DesignItemId=LM339 New DesignItemId=LM393
Change Component Footprint: Designator=U1 Old Footprint=DIP-14 New Footprint=DIP-8
Change Component Comment : Designator=U1 Old Comment=LM339 New Comment=LM393
Added Component: Designator=U4(DIP-8)
Added Pin To Net: NetName=NetR3_1 Pin=U1-1
Added Pin To Net: NetName=NetC5_2 Pin=U1-2
Added Pin To Net: NetName=NetR2_1 Pin=U1-3
Added Pin To Net: NetName=NetC1_1 Pin=U1-4
Added Pin To Net: NetName=NetQ3_1 Pin=U1-5
Added Pin To Net: NetName=NetQ2_1 Pin=U1-7
Added Pin To Net: NetName=NetC1_2 Pin=U1-8
Added Pin To Net: NetName=NetR29_1 Pin=U4-1
Added Pin To Net: NetName=NetR33_1 Pin=U4-2
Added Pin To Net: NetName=NetR30_2 Pin=U4-3
Added Pin To Net: NetName=GND Pin=U4-4
Added Pin To Net: NetName=12V Pin=U4-8
Added Member To Class: ClassName=ups Member=Component U4 LM393
Added Room: Name=ups
