Removed Pin From Net: NetName=NetR3_1 Pin=U1-1
Removed Pin From Net: NetName=NetC5_2 Pin=U1-2
Removed Pin From Net: NetName=NetR2_1 Pin=U1-3
Removed Pin From Net: NetName=NetC1_1 Pin=U1-4
Removed Pin From Net: NetName=NetQ3_1 Pin=U1-5
Removed Pin From Net: NetName=NetQ2_1 Pin=U1-7
Removed Pin From Net: NetName=NetC1_2 Pin=U1-8
Removed Pin From Net: NetName=NetR29_1 Pin=U4-1
Removed Pin From Net: NetName=NetR33_1 Pin=U4-2
Removed Pin From Net: NetName=NetR30_2 Pin=U4-3
Removed Pin From Net: NetName=GND Pin=U4-4
Removed Pin From Net: NetName=12V Pin=U4-8
Removed Member From Class: ClassName=ups Member=U4
Change Component DesignItemId : Designator=U1 Old DesignItemId=LM358 New DesignItemId=LM339
Change Component Description : Designator=U1 Old Description=双运放 New Description=比较器
Change Component Library : Designator=U1 Old Library=fszhang.SchLib New Library=liuxiaolong.SCHLIB
Added Pin To Net: NetName=NetQ2_1 Pin=U1-1
Added Pin To Net: NetName=NetR3_1 Pin=U1-2
Added Pin To Net: NetName=NetC1_2 Pin=U1-3
Added Pin To Net: NetName=NetC5_2 Pin=U1-4
Added Pin To Net: NetName=NetR2_1 Pin=U1-5
Added Pin To Net: NetName=NetQ3_1 Pin=U1-7
Added Pin To Net: NetName=NetR33_1 Pin=U1-8
Added Pin To Net: NetName=NetR30_2 Pin=U1-9
Added Pin To Net: NetName=NetC1_1 Pin=U1-12
Added Pin To Net: NetName=NetR29_1 Pin=U1-14
Added Room: Name=ups
